<?xml version="1.0" encoding="UTF-8"?>
<testsuite xmlns:xsi="http://www.w3.org/2001/XMLSchema-instance" xsi:noNamespaceSchemaLocation="https://maven.apache.org/surefire/maven-surefire-plugin/xsd/surefire-test-report.xsd" name="com.example.helloworld.IntegrationTest" time="19.437" tests="5" errors="0" skipped="0" failures="0">
  <properties>
[...]
</properties>
  <testcase name="testRenderingPersonMustache" classname="com.example.helloworld.IntegrationTest" time="1.588"/>
  <testcase name="testLogFileWritten" classname="com.example.helloworld.IntegrationTest" time="0.018"/>
  <testcase name="testPostPerson" classname="com.example.helloworld.IntegrationTest" time="0.05"/>
  <testcase name="testRenderingPersonFreemarker" classname="com.example.helloworld.IntegrationTest" time="0.337"/>
  <testcase name="testHelloWorld" classname="com.example.helloworld.IntegrationTest" time="0.054"/>
</testsuite>